d:\studia\semestr_4\grafika3d\projekt_ver\debug\vc143.pdb
d:\studia\semestr_4\grafika3d\projekt_ver\debug\vc143.idb
d:\studia\semestr_4\grafika3d\projekt_ver\debug\shadersloader.obj
d:\studia\semestr_4\grafika3d\projekt_ver\debug\main.obj
d:\studia\semestr_4\grafika3d\projekt\debug\vc143.pdb
d:\studia\semestr_4\grafika3d\projekt\debug\vc143.idb
d:\studia\semestr_4\grafika3d\projekt\debug\shadersloader.obj
d:\studia\semestr_4\grafika3d\projekt\debug\main.obj
d:\studia\semestr_4\grafika3d\projekt\debug\tekstura.obj
d:\studia\semestr_4\grafika3d\projekt_ver\debug\shaders05.exe
d:\studia\semestr_4\grafika3d\projekt_ver\debug\shaders05.ilk
d:\studia\semestr_4\grafika3d\projekt_ver\debug\shaders05.pdb
d:\studia\semestr_4\grafika3d\projekt\debug\shaders05.exe
d:\studia\semestr_4\grafika3d\projekt\debug\shaders05.ilk
d:\studia\semestr_4\grafika3d\projekt\debug\shaders05.pdb
d:\studia\semestr_4\grafika3d\projekt\debug\vc141.idb
d:\studia\semestr_4\grafika3d\projekt\debug\vc141.pdb
d:\studia\semestr_4\grafika3d\projekt\debug\shaders05.tlog\cl.command.1.tlog
d:\studia\semestr_4\grafika3d\projekt\debug\shaders05.tlog\cl.items.tlog
d:\studia\semestr_4\grafika3d\projekt\debug\shaders05.tlog\cl.read.1.tlog
d:\studia\semestr_4\grafika3d\projekt\debug\shaders05.tlog\cl.write.1.tlog
d:\studia\semestr_4\grafika3d\projekt\debug\shaders05.tlog\link.command.1.tlog
d:\studia\semestr_4\grafika3d\projekt\debug\shaders05.tlog\link.read.1.tlog
d:\studia\semestr_4\grafika3d\projekt\debug\shaders05.tlog\link.write.1.tlog
